<?xml version="1.0" encoding="UTF-8"?>
<!-- Generated by org.testng.reporters.JUnitReportReporter -->
<testsuite hostname="LP003038" failures="0" tests="4" name="api.test.UserTests" time="10.391" errors="0" timestamp="2024-10-03T18:02:08 IST" skipped="0">
  <testcase classname="api.test.UserTests" name="testPostUser" time="4.202"/>
  <system-out/>
  <testcase classname="api.test.UserTests" name="testGetUserByName" time="1.544"/>
  <system-out/>
  <testcase classname="api.test.UserTests" name="testUpdateUserByName" time="3.115"/>
  <system-out/>
  <testcase classname="api.test.UserTests" name="testDeleteUserByName" time="1.530"/>
  <system-out/>
</testsuite> <!-- api.test.UserTests -->
