<?xml version="1.0" encoding="UTF-8"?>
<!-- Generated by org.testng.reporters.JUnitReportReporter -->
<testsuite hostname="LP003038" failures="0" tests="4" name="api.test.UserTests2" time="9.948" errors="0" timestamp="2024-10-04T11:03:37 IST" skipped="0">
  <testcase classname="api.test.UserTests2" name="testPostUser" time="4.270"/>
  <system-out/>
  <testcase classname="api.test.UserTests2" name="testGetUserByName" time="1.366"/>
  <system-out/>
  <testcase classname="api.test.UserTests2" name="testUpdateUserByName" time="2.829"/>
  <system-out/>
  <testcase classname="api.test.UserTests2" name="testDeleteUserByName" time="1.483"/>
  <system-out/>
</testsuite> <!-- api.test.UserTests2 -->
