<?xml version="1.0" encoding="UTF-8"?>
<!-- Generated by org.testng.reporters.JUnitReportReporter -->
<testsuite hostname="LP003038" failures="0" tests="6" name="api.test.DDTests" time="12.943" errors="0" timestamp="2024-10-03T15:07:03 IST" skipped="0">
  <testcase classname="api.test.DDTests" name="testPostUser" time="1.477"/>
  <system-out/>
  <testcase classname="api.test.DDTests" name="testPostUser" time="5.474"/>
  <system-out/>
  <testcase classname="api.test.DDTests" name="testPostUser" time="1.487"/>
  <system-out/>
  <testcase classname="api.test.DDTests" name="testDeleteUserByName" time="1.580"/>
  <system-out/>
  <testcase classname="api.test.DDTests" name="testDeleteUserByName" time="1.433"/>
  <system-out/>
  <testcase classname="api.test.DDTests" name="testDeleteUserByName" time="1.492"/>
  <system-out/>
</testsuite> <!-- api.test.DDTests -->
