<?xml version="1.0" encoding="UTF-8"?>
<!-- Generated by org.testng.reporters.JUnitReportReporter -->
<testsuite hostname="LP003038" failures="0" tests="4" name="api.test.UserTests2" time="7.141" errors="0" timestamp="2024-10-04T12:22:10 IST" skipped="0">
  <testcase classname="api.test.UserTests2" name="testPostUser" time="2.753"/>
  <system-out/>
  <testcase classname="api.test.UserTests2" name="testGetUserByName" time="1.143"/>
  <system-out/>
  <testcase classname="api.test.UserTests2" name="testUpdateUserByName" time="2.202"/>
  <system-out/>
  <testcase classname="api.test.UserTests2" name="testDeleteUserByName" time="1.043"/>
  <system-out/>
</testsuite> <!-- api.test.UserTests2 -->
