<?xml version="1.0" encoding="UTF-8"?>
<!-- Generated by org.testng.reporters.JUnitReportReporter -->
<testsuite hostname="LP003038" failures="0" tests="4" name="api.test.UserTests" time="8.519" errors="0" timestamp="2024-10-04T12:10:58 IST" skipped="0">
  <testcase classname="api.test.UserTests" name="testPostUser" time="3.302"/>
  <system-out/>
  <testcase classname="api.test.UserTests" name="testGetUserByName" time="1.326"/>
  <system-out/>
  <testcase classname="api.test.UserTests" name="testUpdateUserByName" time="2.604"/>
  <system-out/>
  <testcase classname="api.test.UserTests" name="testDeleteUserByName" time="1.287"/>
  <system-out/>
</testsuite> <!-- api.test.UserTests -->
